<?xml version="1.0" encoding="UTF-8"?>
<!-- Generated by org.testng.reporters.JUnitXMLReporter -->
<testsuite ignored="0" hostname="WINCTRL-CRNJA54" failures="0" tests="6" name="Command line test" time="0.071" errors="0" timestamp="2022-02-23T23:45:10 IST">
  <testcase classname="qaclickacademy.MavenJavaa.AppiumTest" name="IOSApps" time="0.006"/>
  <testcase classname="qaclickacademy.MavenJavaa.AppiumTest" name="NativeAppAndroid" time="0.001"/>
  <testcase classname="qaclickacademy.MavenJavaa.RestAPITest" name="deleteTwitter" time="0.0"/>
  <testcase classname="qaclickacademy.MavenJavaa.RestAPITest" name="postJira" time="0.0"/>
  <testcase classname="qaclickacademy.MavenJavaa.SeleniumTest" name="BrowserAutomation" time="0.0"/>
  <testcase classname="qaclickacademy.MavenJavaa.SeleniumTest" name="elementUI" time="0.001"/>
</testsuite> <!-- Command line test -->
