<?xml version="1.0" encoding="UTF-8"?>
<!-- Generated by org.testng.reporters.JUnitXMLReporter -->
<testsuite ignored="0" hostname="WINCTRL-CRNJA54" failures="0" tests="4" name="Test" time="0.068" errors="0" timestamp="2022-02-23T11:21:51 IST">
  <testcase classname="qaclickacademy.MavenJavaa.SeleniumTest" name="BrowserAutomation" time="0.008"/>
  <testcase classname="qaclickacademy.MavenJavaa.SeleniumTest" name="elementUI" time="0.001"/>
  <testcase classname="qaclickacademy.MavenJavaa.RestAPITest" name="deleteTwitter" time="0.001"/>
  <testcase classname="qaclickacademy.MavenJavaa.RestAPITest" name="postJira" time="0.001"/>
</testsuite> <!-- Test -->
