<?xml version="1.0" encoding="UTF-8"?>
<testng-results ignored="0" total="6" passed="6" failed="0" skipped="0">
  <reporter-output>
  </reporter-output>
  <suite started-at="2022-02-23T23:45:10 IST" name="Command line suite" finished-at="2022-02-23T23:45:10 IST" duration-ms="71">
    <groups>
    </groups>
    <test started-at="2022-02-23T23:45:10 IST" name="Command line test" finished-at="2022-02-23T23:45:10 IST" duration-ms="71">
      <class name="qaclickacademy.MavenJavaa.RestAPITest">
        <test-method signature="deleteTwitter()[pri:0, instance:qaclickacademy.MavenJavaa.RestAPITest@5fe94a96]" started-at="2022-02-23T23:45:10 IST" name="deleteTwitter" finished-at="2022-02-23T23:45:10 IST" duration-ms="0" status="PASS">
          <reporter-output>
          </reporter-output>
        </test-method> <!-- deleteTwitter -->
        <test-method signature="postJira()[pri:0, instance:qaclickacademy.MavenJavaa.RestAPITest@5fe94a96]" started-at="2022-02-23T23:45:10 IST" name="postJira" finished-at="2022-02-23T23:45:10 IST" duration-ms="0" status="PASS">
          <reporter-output>
          </reporter-output>
        </test-method> <!-- postJira -->
      </class> <!-- qaclickacademy.MavenJavaa.RestAPITest -->
      <class name="qaclickacademy.MavenJavaa.SeleniumTest">
        <test-method signature="BrowserAutomation()[pri:0, instance:qaclickacademy.MavenJavaa.SeleniumTest@443118b0]" started-at="2022-02-23T23:45:10 IST" name="BrowserAutomation" finished-at="2022-02-23T23:45:10 IST" duration-ms="0" status="PASS">
          <reporter-output>
          </reporter-output>
        </test-method> <!-- BrowserAutomation -->
        <test-method signature="elementUI()[pri:0, instance:qaclickacademy.MavenJavaa.SeleniumTest@443118b0]" started-at="2022-02-23T23:45:10 IST" name="elementUI" finished-at="2022-02-23T23:45:10 IST" duration-ms="1" status="PASS">
          <reporter-output>
          </reporter-output>
        </test-method> <!-- elementUI -->
      </class> <!-- qaclickacademy.MavenJavaa.SeleniumTest -->
      <class name="qaclickacademy.MavenJavaa.AppiumTest">
        <test-method signature="IOSApps()[pri:0, instance:qaclickacademy.MavenJavaa.AppiumTest@a1153bc]" started-at="2022-02-23T23:45:10 IST" name="IOSApps" finished-at="2022-02-23T23:45:10 IST" duration-ms="6" status="PASS">
          <reporter-output>
          </reporter-output>
        </test-method> <!-- IOSApps -->
        <test-method signature="NativeAppAndroid()[pri:0, instance:qaclickacademy.MavenJavaa.AppiumTest@a1153bc]" started-at="2022-02-23T23:45:10 IST" name="NativeAppAndroid" finished-at="2022-02-23T23:45:10 IST" duration-ms="1" status="PASS">
          <reporter-output>
          </reporter-output>
        </test-method> <!-- NativeAppAndroid -->
      </class> <!-- qaclickacademy.MavenJavaa.AppiumTest -->
    </test> <!-- Command line test -->
  </suite> <!-- Command line suite -->
</testng-results>
